<?xml version="1.0" encoding="UTF-8"?>
<!-- Generated by org.testng.reporters.JUnitReportReporter -->
<testsuite hostname="thaodesktop" failures="0" tests="6" name="com.nopcommerce.user.User_01_Register" time="13.368" errors="0" timestamp="16 May 2023 06:48:08 GMT" skipped="0">
  <testcase classname="com.nopcommerce.user.User_01_Register" name="User_05_Register_With_Valid_Data" time="4.580"/>
  <testcase classname="com.nopcommerce.user.User_01_Register" name="User_02_Register_With_Invalid_Email" time="1.666"/>
  <testcase classname="com.nopcommerce.user.User_01_Register" name="User_03_Register_With_Password_Less_Than_Six_Character" time="2.227"/>
  <testcase classname="com.nopcommerce.user.User_01_Register" name="User_04_Register_With_Comfirm_Password_Not_Match" time="2.221"/>
  <testcase classname="com.nopcommerce.user.User_01_Register" name="User_06_Register_With_Existing_Email" time="2.091"/>
  <testcase classname="com.nopcommerce.user.User_01_Register" name="User_01_Register_With_Empty_Data" time="0.583"/>
</testsuite> <!-- com.nopcommerce.user.User_01_Register -->
