<?xml version="1.0" encoding="UTF-8"?>
<!-- Generated by org.testng.reporters.JUnitReportReporter -->
<testsuite hostname="thaodesktop" failures="0" tests="1" name="com.nopcommerce.user.User_00_Registation_Login_Nopcommerce" time="3.955" errors="0" timestamp="16 May 2023 08:47:52 GMT" skipped="0">
  <testcase classname="com.nopcommerce.user.User_00_Registation_Login_Nopcommerce" name="User_00_Register_TO_System" time="3.955"/>
</testsuite> <!-- com.nopcommerce.user.User_00_Registation_Login_Nopcommerce -->
