<?xml version="1.0" encoding="UTF-8"?>
<!-- Generated by org.testng.reporters.JUnitReportReporter -->
<testsuite hostname="thaodesktop" failures="0" tests="1" name="com.nopcommerce.user.User_00_Registation_Login_Nopcommerce" time="4.109" errors="0" timestamp="19 May 2023 08:00:32 GMT" skipped="0">
  <testcase classname="com.nopcommerce.user.User_00_Registation_Login_Nopcommerce" name="User_00_Register_TO_System" time="4.109"/>
</testsuite> <!-- com.nopcommerce.user.User_00_Registation_Login_Nopcommerce -->
