<?xml version="1.0" encoding="UTF-8"?>
<!-- Generated by org.testng.reporters.JUnitReportReporter -->
<testsuite hostname="macs-iMac-2.local" failures="0" tests="6" name="com.nopcommerce.user.User_01_Register" time="9.838" errors="0" timestamp="15 Apr 2023 07:34:54 GMT" skipped="0">
  <testcase classname="com.nopcommerce.user.User_01_Register" name="User_03_Register_With_Password_Less_Than_Six_Character" time="1.931"/>
  <testcase classname="com.nopcommerce.user.User_01_Register" name="User_04_Register_With_Comfirm_Password_Not_Match" time="2.047"/>
  <testcase classname="com.nopcommerce.user.User_01_Register" name="User_01_Register_With_Empty_Data" time="0.429"/>
  <testcase classname="com.nopcommerce.user.User_01_Register" name="User_05_Register_With_Valid_Data" time="2.617"/>
  <testcase classname="com.nopcommerce.user.User_01_Register" name="User_02_Register_With_Invalid_Email" time="1.504"/>
  <testcase classname="com.nopcommerce.user.User_01_Register" name="User_06_Register_With_Existing_Email" time="1.310"/>
</testsuite> <!-- com.nopcommerce.user.User_01_Register -->
