<?xml version="1.0" encoding="UTF-8"?>
<!-- Generated by org.testng.reporters.JUnitReportReporter -->
<testsuite hostname="macs-iMac-2.local" failures="0" tests="1" name="com.nopcommerce.user.User_00_Registation_Login_Nopcommerce" time="2.949" errors="0" timestamp="03 May 2023 09:14:28 GMT" skipped="0">
  <testcase classname="com.nopcommerce.user.User_00_Registation_Login_Nopcommerce" name="User_00_Register_TO_System" time="2.949"/>
</testsuite> <!-- com.nopcommerce.user.User_00_Registation_Login_Nopcommerce -->
